# JRE version: 7.0_21-b11
# Java VM: Java HotSpot(TM) 64-Bit Server VM (23.21-b01 mixed mode linux-amd64 compressed oops)
Heap
 PSYoungGen      total 227904K, used 214986K [0x00000007d6e00000, 0x00000007eee30000, 0x0000000800000000)
  eden space 224704K, 94% used [0x00000007d6e00000,0x00000007e3cd3700,0x00000007e4970000)
  from space 3200K, 99% used [0x00000007e4970000,0x00000007e4c8f110,0x00000007e4c90000)
  to   space 11328K, 0% used [0x00000007ee320000,0x00000007ee320000,0x00000007eee30000)
 ParOldGen       total 124096K, used 41471K [0x0000000784a00000, 0x000000078c330000, 0x00000007d6e00000)
  object space 124096K, 33% used [0x0000000784a00000,0x000000078727fd48,0x000000078c330000)
 PSPermGen       total 21248K, used 7185K [0x000000077f800000, 0x0000000780cc0000, 0x0000000784a00000)
  object space 21248K, 33% used [0x000000077f800000,0x000000077ff04650,0x0000000780cc0000)
GC Heap History (10 events):
Event: 1.837 GC heap before
{Heap before GC invocations=4 (full 0):
 PSYoungGen      total 68480K, used 63936K [0x00000007d6e00000, 0x00000007df3c0000, 0x0000000800000000)
  eden space 63232K, 100% used [0x00000007d6e00000,0x00000007dabc0000,0x00000007dabc0000)
  from space 5248K, 13% used [0x00000007dabc0000,0x00000007dac70020,0x00000007db0e0000)
  to   space 5248K, 0% used [0x00000007deea0000,0x00000007deea0000,0x00000007df3c0000)
 ParOldGen       total 84224K, used 8K [0x0000000784a00000, 0x0000000789c40000, 0x00000007d6e00000)
  object space 84224K, 0% used [0x0000000784a00000,0x0000000784a02000,0x0000000789c40000)
 PSPermGen       total 21248K, used 6338K [0x000000077f800000, 0x0000000780cc0000, 0x0000000784a00000)
  object space 21248K, 29% used [0x000000077f800000,0x000000077fe30a60,0x0000000780cc0000)
Event: 1.858 GC heap after
Heap after GC invocations=4 (full 0):
 PSYoungGen      total 131712K, used 899K [0x00000007d6e00000, 0x00000007df3c0000, 0x0000000800000000)
  eden space 126464K, 0% used [0x00000007d6e00000,0x00000007d6e00000,0x00000007de980000)
  from space 5248K, 17% used [0x00000007deea0000,0x00000007def80fc0,0x00000007df3c0000)
  to   space 5248K, 0% used [0x00000007de980000,0x00000007de980000,0x00000007deea0000)
 ParOldGen       total 84224K, used 75375K [0x0000000784a00000, 0x0000000789c40000, 0x00000007d6e00000)
  object space 84224K, 89% used [0x0000000784a00000,0x000000078939bd78,0x0000000789c40000)
 PSPermGen       total 21248K, used 6338K [0x000000077f800000, 0x0000000780cc0000, 0x0000000784a00000)
  object space 21248K, 29% used [0x000000077f800000,0x000000077fe30a60,0x0000000780cc0000)
}
Event: 1.858 GC heap before
{Heap before GC invocations=5 (full 1):
 PSYoungGen      total 131712K, used 899K [0x00000007d6e00000, 0x00000007df3c0000, 0x0000000800000000)
  eden space 126464K, 0% used [0x00000007d6e00000,0x00000007d6e00000,0x00000007de980000)
  from space 5248K, 17% used [0x00000007deea0000,0x00000007def80fc0,0x00000007df3c0000)
  to   space 5248K, 0% used [0x00000007de980000,0x00000007de980000,0x00000007deea0000)
 ParOldGen       total 84224K, used 75375K [0x0000000784a00000, 0x0000000789c40000, 0x00000007d6e00000)
  object space 84224K, 89% used [0x0000000784a00000,0x000000078939bd78,0x0000000789c40000)
 PSPermGen       total 21248K, used 6338K [0x000000077f800000, 0x0000000780cc0000, 0x0000000784a00000)
  object space 21248K, 29% used [0x000000077f800000,0x000000077fe30a60,0x0000000780cc0000)
Event: 1.869 GC heap after
Heap after GC invocations=5 (full 1):
 PSYoungGen      total 131712K, used 0K [0x00000007d6e00000, 0x00000007df3c0000, 0x0000000800000000)
  eden space 126464K, 0% used [0x00000007d6e00000,0x00000007d6e00000,0x00000007de980000)
  from space 5248K, 0% used [0x00000007deea0000,0x00000007deea0000,0x00000007df3c0000)
  to   space 5248K, 0% used [0x00000007de980000,0x00000007de980000,0x00000007deea0000)
 ParOldGen       total 124096K, used 25919K [0x0000000784a00000, 0x000000078c330000, 0x00000007d6e00000)
  object space 124096K, 20% used [0x0000000784a00000,0x000000078634fec0,0x000000078c330000)
 PSPermGen       total 21248K, used 6336K [0x000000077f800000, 0x0000000780cc0000, 0x0000000784a00000)
  object space 21248K, 29% used [0x000000077f800000,0x000000077fe301c8,0x0000000780cc0000)
}
Event: 2.282 GC heap before
{Heap before GC invocations=6 (full 1):
 PSYoungGen      total 131712K, used 126464K [0x00000007d6e00000, 0x00000007df3c0000, 0x0000000800000000)
  eden space 126464K, 100% used [0x00000007d6e00000,0x00000007de980000,0x00000007de980000)
  from space 5248K, 0% used [0x00000007deea0000,0x00000007deea0000,0x00000007df3c0000)
  to   space 5248K, 0% used [0x00000007de980000,0x00000007de980000,0x00000007deea0000)
 ParOldGen       total 124096K, used 25919K [0x0000000784a00000, 0x000000078c330000, 0x00000007d6e00000)
  object space 124096K, 20% used [0x0000000784a00000,0x000000078634fec0,0x000000078c330000)
 PSPermGen       total 21248K, used 6336K [0x000000077f800000, 0x0000000780cc0000, 0x0000000784a00000)
  object space 21248K, 29% used [0x000000077f800000,0x000000077fe301c8,0x0000000780cc0000)
Event: 2.283 GC heap after
Heap after GC invocations=6 (full 1):
 PSYoungGen      total 131712K, used 0K [0x00000007d6e00000, 0x00000007e4fb0000, 0x0000000800000000)
  eden space 126464K, 0% used [0x00000007d6e00000,0x00000007d6e00000,0x00000007de980000)
  from space 5248K, 0% used [0x00000007de980000,0x00000007de980000,0x00000007deea0000)
  to   space 2240K, 0% used [0x00000007e4d80000,0x00000007e4d80000,0x00000007e4fb0000)
 ParOldGen       total 124096K, used 25919K [0x0000000784a00000, 0x000000078c330000, 0x00000007d6e00000)
  object space 124096K, 20% used [0x0000000784a00000,0x000000078634fec0,0x000000078c330000)
 PSPermGen       total 21248K, used 6336K [0x000000077f800000, 0x0000000780cc0000, 0x0000000784a00000)
  object space 21248K, 29% used [0x000000077f800000,0x000000077fe301c8,0x0000000780cc0000)
}
Event: 58.136 GC heap before
{Heap before GC invocations=7 (full 1):
 PSYoungGen      total 131712K, used 126464K [0x00000007d6e00000, 0x00000007e4fb0000, 0x0000000800000000)
  eden space 126464K, 100% used [0x00000007d6e00000,0x00000007de980000,0x00000007de980000)
  from space 5248K, 0% used [0x00000007de980000,0x00000007de980000,0x00000007deea0000)
  to   space 2240K, 0% used [0x00000007e4d80000,0x00000007e4d80000,0x00000007e4fb0000)
 ParOldGen       total 124096K, used 25919K [0x0000000784a00000, 0x000000078c330000, 0x00000007d6e00000)
  object space 124096K, 20% used [0x0000000784a00000,0x000000078634fec0,0x000000078c330000)
 PSPermGen       total 21248K, used 7136K [0x000000077f800000, 0x0000000780cc0000, 0x0000000784a00000)
  object space 21248K, 33% used [0x000000077f800000,0x000000077fef8388,0x0000000780cc0000)
Event: 58.156 GC heap after
Heap after GC invocations=7 (full 1):
 PSYoungGen      total 222464K, used 2236K [0x00000007d6e00000, 0x00000007e4fb0000, 0x0000000800000000)
  eden space 220224K, 0% used [0x00000007d6e00000,0x00000007d6e00000,0x00000007e4510000)
  from space 2240K, 99% used [0x00000007e4d80000,0x00000007e4faf110,0x00000007e4fb0000)
  to   space 3200K, 0% used [0x00000007e4970000,0x00000007e4970000,0x00000007e4c90000)
 ParOldGen       total 124096K, used 26727K [0x0000000784a00000, 0x000000078c330000, 0x00000007d6e00000)
  object space 124096K, 21% used [0x0000000784a00000,0x0000000786419d48,0x000000078c330000)
 PSPermGen       total 21248K, used 7136K [0x000000077f800000, 0x0000000780cc0000, 0x0000000784a00000)
  object space 21248K, 33% used [0x000000077f800000,0x000000077fef8388,0x0000000780cc0000)
}
Event: 391.308 GC heap before
{Heap before GC invocations=8 (full 1):
 PSYoungGen      total 222464K, used 222460K [0x00000007d6e00000, 0x00000007e4fb0000, 0x0000000800000000)
  eden space 220224K, 100% used [0x00000007d6e00000,0x00000007e4510000,0x00000007e4510000)
  from space 2240K, 99% used [0x00000007e4d80000,0x00000007e4faf110,0x00000007e4fb0000)
  to   space 3200K, 0% used [0x00000007e4970000,0x00000007e4970000,0x00000007e4c90000)
 ParOldGen       total 124096K, used 26727K [0x0000000784a00000, 0x000000078c330000, 0x00000007d6e00000)
  object space 124096K, 21% used [0x0000000784a00000,0x0000000786419d48,0x000000078c330000)
 PSPermGen       total 21248K, used 7155K [0x000000077f800000, 0x0000000780cc0000, 0x0000000784a00000)
  object space 21248K, 33% used [0x000000077f800000,0x000000077fefcda0,0x0000000780cc0000)
Event: 391.367 GC heap after
Heap after GC invocations=8 (full 1):
 PSYoungGen      total 227904K, used 3196K [0x00000007d6e00000, 0x00000007eee30000, 0x0000000800000000)
  eden space 224704K, 0% used [0x00000007d6e00000,0x00000007d6e00000,0x00000007e4970000)
  from space 3200K, 99% used [0x00000007e4970000,0x00000007e4c8f110,0x00000007e4c90000)
  to   space 11328K, 0% used [0x00000007ee320000,0x00000007ee320000,0x00000007eee30000)
 ParOldGen       total 124096K, used 41471K [0x0000000784a00000, 0x000000078c330000, 0x00000007d6e00000)
  object space 124096K, 33% used [0x0000000784a00000,0x000000078727fd48,0x000000078c330000)
 PSPermGen       total 21248K, used 7155K [0x000000077f800000, 0x0000000780cc0000, 0x0000000784a00000)
  object space 21248K, 33% used [0x000000077f800000,0x000000077fefcda0,0x0000000780cc0000)
}

